import * as React from 'react';
import {useState} from 'react'
import axios from 'axios';

import Avatar from '@mui/material/Avatar';
import Button from '@mui/material/Button';
import CssBaseline from '@mui/material/CssBaseline';
import TextField from '@mui/material/TextField';
import FormControlLabel from '@mui/material/FormControlLabel';
import FormLabel from '@mui/material/FormLabel';
import Checkbox from '@mui/material/Checkbox';
import Link from '@mui/material/Link';
import Grid from '@mui/material/Grid';
import Box from '@mui/material/Box';
import InputLabel from '@mui/material/InputLabel';
import MenuItem from '@mui/material/MenuItem';
import FormControl from '@mui/material/FormControl';
import Select, { SelectChangeEvent } from '@mui/material/Select';
import SpaOutlinedIcon from '@mui/icons-material/SpaOutlined';
import MiscellaneousServicesOutlinedIcon from '@mui/icons-material/MiscellaneousServicesOutlined';
import AccessTimeOutlinedIcon from '@mui/icons-material/AccessTimeOutlined';
import Typography from '@mui/material/Typography';
import Container from '@mui/material/Container';
import { createTheme, ThemeProvider } from '@mui/material/styles';
import { duration, FormGroup } from '@mui/material';

function Copyright(props) {

  return (
    <Typography variant="body2" color="text.secondary" align="center" {...props}>
      {'Copyright © '}
      <Link color="inherit" href="https://mui.com/">
        GroomWellServices
      </Link>{' '}
      {new Date().getFullYear()}
      {'.'}
    </Typography>
  );
}

const theme = createTheme();

export default function ErrServices(props) {

  console.log('svc props', props)


  // Refer: https://thewebdev.info/2021/02/05/how-to-reset-to-initial-state-with-react-hooks/
  // Refactor code as shown below
  // const initialState = {
  //   username: "",
  //   email: "",
  //   password: "",
  //   passwordConfirmation: ""
  // };
  
  // export default function App() {
  //   const [
  //     { username, email, password, passwordConfirmation },
  //     setState
  //   ] = useState(initialState);
  
  //   const clearState = () => {
  //     setState({ ...initialState });
  //   };
  
  //   const onChange = (e) => {
  //     const { name, value } = e.target;
  //     setState((prevState) => ({ ...prevState, [name]: value }));
  //   };
  
  //   const handleSubmit = (e) => {
  //     e.preventDefault();
  //     setTimeout(() => {
  //       clearState();
  //     }, 1000);
  //   };

//   <label>
//   Password:
//   <input
//     value={password}
//     name="password"
//     type="password"
//     onChange={onChange}
//   />
// </label>




  
  
  const initialState = {
    name: "",
    duration: 0,
    price: 0,
  }

  const [{name, duration, price}, setState]=useState(initialState)

  const clearState = () => {
        setState({ ...initialState });
      };

      const onChange = (e) => {
            const { name, value } = e.target;
            setState((prevState) => ({ ...prevState, [name]: value }));
          };

//  const handleSubmit = (e) => {
//     e.preventDefault();
//     const jwt = localStorage.getItem('token');
//     const url = 'http://localhost:3001/salons';
//     axios.post(url, { salon }, {
//       headers: { Authorization: `Bearer ${jwt}` },
//     })
//       .then(response => {
//         if (response.status === 201) {
//           console.log('Salon Added')
//         }
//       })
//     console.log('salon', salon)
//   }


  // const handleChange = (event) => {
  //   const value = event.target
  //   setSalon({...salon, name: value});
  // };
  // const { name, address1, address2, pincode, city, landline, mobile, gstin, pan, chairs } = salon;

 
 
const service={
  stype: name,
  sduration: duration,
  sprice: price,
  salon_id: props.salonId,
}

const handleSubmit = (e) => {
      e.preventDefault();
      console.log('servicesData', service)
    const jwt = localStorage.getItem('token');
    const url = 'http://localhost:3001/services';
    axios.post(url, { service }, {
      headers: { Authorization: `Bearer ${jwt}` },
    })
      .then(response => {
        if (response.status === 201) {
          console.log('Service Added')
         }
      })
      setTimeout(() => {
        clearState();
      }, 1000);
    };

  // const handleSubmit = (event) => {
  //   event.preventDefault();
  //   // const data = new FormData(event.currentTarget);
  //   console.log('salonDaqta', salon)
  //   const jwt = localStorage.getItem('token');
  //   const url = 'http://localhost:3001/salons';
  //   axios.post(url, { salon }, {
  //     headers: { Authorization: `Bearer ${jwt}` },
  //   })
  //     .then(response => {
  //       if (response.status === 201) {
  //         console.log('Salon Added')
  //         resetSalonData()
  //       }
  //     })
  // };

  return (
    <ThemeProvider theme={theme}>
      

      <Container component="main" maxWidth="xs">
        <CssBaseline />
        <Box
          sx={{
            marginTop: 8,
            display: 'flex',
            flexDirection: 'column',
            alignItems: 'center',
          }}
        >
          <Avatar sx={{ m: 1, bgcolor: 'secondary.main' }}>
            <MiscellaneousServicesOutlinedIcon />
          </Avatar>
          <Typography component="h1" variant="h5">
            Services Details
          </Typography>
          <Box component="form" noValidate onSubmit={handleSubmit} sx={{ mt: 3 }}>
            <Grid container spacing={2}>
              <Grid item xs={12} sm={6} md={4}>
                <TextField
                  required
                  fullWidth
                  id="service_name"
                  label="Service Name"
                  value={name}
                  onChange={onChange}
                />
              </Grid>
              <Grid item xs={12} sm={6} md={4}>
                <TextField
                  required
                  fullWidth
                  id="duration"
                  label="Service Duration"
                  value={duration}
                  onChange={onChange}
                />
              </Grid>
              <Grid item xs={12} sm={6} md={4}>
                <TextField
                  required
                  fullWidth
                  id="price"
                  label="Price"
                 value={price}
                 onChange={onChange}
                />
              </Grid>
              
             
            </Grid>
            <Button
              type="submit"
              fullWidth
              variant="contained"
              sx={{ mt: 3, mb: 2 }}
            >
              Submit Services Details
            </Button>
            
          </Box>
        </Box>
        <Copyright sx={{ mt: 5 }} />
      </Container>

{/* 
      <Container component="main" maxWidth="xs">
        <CssBaseline />
        <Box
          sx={{
            marginTop: 8,
            display: 'flex',
            flexDirection: 'column',
            alignItems: 'center',
          }}
        >
          <Avatar sx={{ m: 1, bgcolor: 'secondary.main' }}>
            <AccessTimeOutlinedIcon />
          </Avatar>
          <Typography component="h1" variant="h5">
            Weekly Holiday
          </Typography>
          <Box component="form" noValidate onSubmit={handleSubmit} sx={{ mt: 3 }}>
            <Grid container spacing={2}>
            <Box sx={{ minWidth: 120 }}>
      <FormControl fullWidth>
        <InputLabel id="demo-simple-select-label">Holiday</InputLabel>
        <Select
          labelId="holiday"
          id="holiday"
          label="Weekly Holiday"
        >
          <MenuItem value={1}>Sunday</MenuItem>
          <MenuItem value={2}>Monday</MenuItem>
          <MenuItem value={3}>Tuesday</MenuItem>
          <MenuItem value={4}>Wednesday</MenuItem>
          <MenuItem value={5}>Thursday</MenuItem>
          <MenuItem value={6}>Friday</MenuItem>
          <MenuItem value={7}>Saturday</MenuItem>
        </Select>
      </FormControl>
    </Box>
           
            </Grid>
              
            <Button
              type="submit"
              fullWidth
              variant="contained"
              sx={{ mt: 3, mb: 2 }}
            >
              Submit
            </Button>            
          </Box>
        </Box>
        <Copyright sx={{ mt: 5 }} />
      </Container>  */}
    </ThemeProvider>
  );
}